*ERROR* 	2016/03/04 - 20:11:23: You can't specify target table 'cav_order_invoice' for update in FROM clause<br /><br /><pre>UPDATE `cav_order_invoice` SET number =(SELECT new_number FROM (SELECT (MAX(`number`) + 1) AS new_number
			FROM `cav_order_invoice`) AS result) WHERE `id_order_invoice` = 22</pre> at line 791 in file classes/db/Db.php
*ERROR* 	2016/03/04 - 20:20:32: You can't specify target table 'cav_order_invoice' for update in FROM clause<br /><br /><pre>UPDATE `cav_order_invoice` SET number =(SELECT new_number FROM (SELECT (MAX(`number`) + 1) AS new_number
			FROM `cav_order_invoice`) AS result) WHERE `id_order_invoice` = 23</pre> at line 791 in file classes/db/Db.php
*ERROR* 	2016/03/04 - 20:26:52: You can't specify target table 'cav_order_invoice' for update in FROM clause<br /><br /><pre>UPDATE `cav_order_invoice` SET number =(SELECT new_number FROM (SELECT (MAX(`number`) + 1) AS new_number
			FROM `cav_order_invoice`) AS result) WHERE `id_order_invoice` = 24</pre> at line 791 in file classes/db/Db.php
*ERROR* 	2016/03/04 - 20:27:43: You can't specify target table 'cav_order_invoice' for update in FROM clause<br /><br /><pre>UPDATE `cav_order_invoice` SET number =(SELECT new_number FROM (SELECT (MAX(`number`) + 1) AS new_number
			FROM `cav_order_invoice`) AS result) WHERE `id_order_invoice` = 25</pre> at line 791 in file classes/db/Db.php
*ERROR* 	2016/03/04 - 20:30:00: Expression #1 of SELECT list is not in GROUP BY clause and contains nonaggregated column 'micreon_pres800.oc.id_order_invoice' which is not functionally dependent on columns in GROUP BY clause; this is incompatible with sql_mode=only_full_group_by<br /><br /><pre>
			SELECT DISTINCT oc.`id_order_invoice`, oc.`weight`, oc.`shipping_cost_tax_excl`, oc.`shipping_cost_tax_incl`, c.`url`, oc.`id_carrier`, c.`name` as `carrier_name`, oc.`date_add`, "Delivery" as `type`, "true" as `can_edit`, oc.`tracking_number`, oc.`id_order_carrier`, osl.`name` as order_state_name, c.`name` as state_name
			FROM `cav_orders` o
			LEFT JOIN `cav_order_history` oh
				ON (o.`id_order` = oh.`id_order`)
			LEFT JOIN `cav_order_carrier` oc
				ON (o.`id_order` = oc.`id_order`)
			LEFT JOIN `cav_carrier` c
				ON (oc.`id_carrier` = c.`id_carrier`)
			LEFT JOIN `cav_order_state_lang` osl
				ON (oh.`id_order_state` = osl.`id_order_state` AND osl.`id_lang` = 2)
			WHERE o.`id_order` = 19
			GROUP BY c.id_carrier</pre> at line 791 in file classes/db/Db.php
*ERROR* 	2016/03/04 - 20:30:21: Expression #1 of SELECT list is not in GROUP BY clause and contains nonaggregated column 'micreon_pres800.oc.id_order_invoice' which is not functionally dependent on columns in GROUP BY clause; this is incompatible with sql_mode=only_full_group_by<br /><br /><pre>
			SELECT DISTINCT oc.`id_order_invoice`, oc.`weight`, oc.`shipping_cost_tax_excl`, oc.`shipping_cost_tax_incl`, c.`url`, oc.`id_carrier`, c.`name` as `carrier_name`, oc.`date_add`, "Delivery" as `type`, "true" as `can_edit`, oc.`tracking_number`, oc.`id_order_carrier`, osl.`name` as order_state_name, c.`name` as state_name
			FROM `cav_orders` o
			LEFT JOIN `cav_order_history` oh
				ON (o.`id_order` = oh.`id_order`)
			LEFT JOIN `cav_order_carrier` oc
				ON (o.`id_order` = oc.`id_order`)
			LEFT JOIN `cav_carrier` c
				ON (oc.`id_carrier` = c.`id_carrier`)
			LEFT JOIN `cav_order_state_lang` osl
				ON (oh.`id_order_state` = osl.`id_order_state` AND osl.`id_lang` = 2)
			WHERE o.`id_order` = 19
			GROUP BY c.id_carrier</pre> at line 791 in file classes/db/Db.php
*ERROR* 	2016/03/04 - 20:32:34: You can't specify target table 'cav_order_invoice' for update in FROM clause<br /><br /><pre>UPDATE `cav_order_invoice` SET number =(SELECT new_number FROM (SELECT (MAX(`number`) + 1) AS new_number
			FROM `cav_order_invoice`) AS result) WHERE `id_order_invoice` = 26</pre> at line 791 in file classes/db/Db.php
